1698043123366	geckodriver	INFO	Listening on 127.0.0.1:63368
1698043126561	mozrunner::runner	INFO	Running command: "C:\\Program Files\\Mozilla Firefox\\firefox.exe" "--marionette" "-headless" "--remote-debugging-port" "63369" "--remote-allow-hosts" "localhost" "-no-remote" "-profile" "C:\\Users\\danil\\AppData\\Local\\Temp\\rust_mozprofileYbVm5E"
*** You are running in headless mode.
1698043135112	addons.webextension.screenshots@mozilla.org	WARN	Loading extension 'screenshots@mozilla.org': Reading manifest: Invalid extension permission: mozillaAddons
1698043135113	addons.webextension.screenshots@mozilla.org	WARN	Loading extension 'screenshots@mozilla.org': Reading manifest: Invalid extension permission: telemetry
1698043135162	addons.webextension.screenshots@mozilla.org	WARN	Loading extension 'screenshots@mozilla.org': Reading manifest: Invalid extension permission: resource://pdf.js/
1698043135162	addons.webextension.screenshots@mozilla.org	WARN	Loading extension 'screenshots@mozilla.org': Reading manifest: Invalid extension permission: about:reader*
JavaScript error: undefined, line 14: Error: An unexpected error occurred
JavaScript error: moz-extension://1d42dff1-cf86-4767-b1da-263b72760952/lib/picture_in_picture_overrides.js, line 15: Error: Incorrect argument types for pictureInPictureParent.setOverrides.
[Parent 10484, Gecko_IOThread] WARNING: file z:/task_1597676902/build/src/ipc/chromium/src/base/process_util_win.cc, line 160
console.error: "Could not write session state file " (new Error("_initWorker called too early! Please read the session file from disk first.", "resource:///modules/sessionstore/SessionFile.jsm", 376)) "_initWorker/<@resource:///modules/sessionstore/SessionFile.jsm:376:15\n_initWorker@resource:///modules/sessionstore/SessionFile.jsm:369:12\n_postToWorker@resource:///modules/sessionstore/SessionFile.jsm:411:16\nwrite@resource:///modules/sessionstore/SessionFile.jsm:450:24\nwrite@resource:///modules/sessionstore/SessionFile.jsm:76:32\n_writeState@resource:///modules/sessionstore/SessionSaver.jsm:360:24\n_saveState@resource:///modules/sessionstore/SessionSaver.jsm:294:17\n_saveStateAsync@resource:///modules/sessionstore/SessionSaver.jsm:344:10\nsaveStateAsyncWhenIdle@resource:///modules/sessionstore/SessionSaver.jsm:191:14\ncallback@resource://gre/modules/Timer.jsm:125:7\n"
JavaScript error: resource:///modules/sessionstore/SessionStore.jsm, line 1325: uncaught exception: 2147746065
1698043154296	Marionette	INFO	Listening on port 63378
1698043154486	Marionette	WARN	TLS certificate errors will be ignored for this session
Exiting due to channel error.
Listening on 127.0.0.1:63464
1698043167950	mozrunner::runner	INFO	Running command: "C:\\Program Files\\Mozilla Firefox\\firefox.exe" "--marionette" "--headless=new" "--remote-debugging-port"  ... 5" "--remote-allow-hosts" "localhost" "-no-remote" "-profile" "C:\\Users\\danil\\AppData\\Local\\Temp\\rust_mozprofileQPZepp"
1698043169593	addons.webextension.screenshots@mozilla.org	WARN	Loading extension 'screenshots@mozilla.org': Reading manifest: Invalid extension permission: mozillaAddons
1698043169593	addons.webextension.screenshots@mozilla.org	WARN	Loading extension 'screenshots@mozilla.org': Reading manifest: Invalid extension permission: telemetry
1698043169594	addons.webextension.screenshots@mozilla.org	WARN	Loading extension 'screenshots@mozilla.org': Reading manifest: Invalid extension permission: resource://pdf.js/
1698043169594	addons.webextension.screenshots@mozilla.org	WARN	Loading extension 'screenshots@mozilla.org': Reading manifest: Invalid extension permission: about:reader*
JavaScript error: undefined, line 14: Error: An unexpected error occurred
JavaScript error: moz-extension://50401214-c14e-4b7a-a29c-41071b0f2a0f/lib/picture_in_picture_overrides.js, line 15: Error: Incorrect argument types for pictureInPictureParent.setOverrides.
JavaScript error: resource:///modules/sessionstore/SessionStore.jsm, line 1325: uncaught exception: 2147746065
1698043183255	Marionette	INFO	Listening on port 63476
1698043183423	Marionette	WARN	TLS certificate errors will be ignored for this session
1698043185590	Marionette	INFO	Stopped listening on port 63476

###!!! [Child][RunMessage] Error: Channel closing: too late to send/recv, messages will be lost


###!!! [Child][RunMessage] Error: Channel closing: too late to send/recv, messages will be lost


###!!! [Child][RunMessage] Error: Channel closing: too late to send/recv, messages will be lost

[Parent 9928, Gecko_IOThread] WARNING: pipe error: 109: file z:/task_1597676902/build/src/ipc/chromium/src/chrome/common/ipc_channel_win.cc, line 348

###!!! [Child][MessageChannel::SendAndWait] Error: Channel error: cannot send/recv

1698043227437	geckodriver	INFO	Listening on 127.0.0.1:63579
1698043230490	mozrunner::runner	INFO	Running command: "C:\\Program Files\\Mozilla Firefox\\firefox.exe" "--marionette" "-headless" "--remote-debugging-port" "63580" "--remote-allow-hosts" "localhost" "-no-remote" "-profile" "C:\\Users\\danil\\AppData\\Local\\Temp\\rust_mozprofileSqeXt1"
*** You are running in headless mode.
1698043231945	addons.webextension.screenshots@mozilla.org	WARN	Loading extension 'screenshots@mozilla.org': Reading manifest: Invalid extension permission: mozillaAddons
1698043231945	addons.webextension.screenshots@mozilla.org	WARN	Loading extension 'screenshots@mozilla.org': Reading manifest: Invalid extension permission: telemetry
1698043231946	addons.webextension.screenshots@mozilla.org	WARN	Loading extension 'screenshots@mozilla.org': Reading manifest: Invalid extension permission: resource://pdf.js/
1698043231946	addons.webextension.screenshots@mozilla.org	WARN	Loading extension 'screenshots@mozilla.org': Reading manifest: Invalid extension permission: about:reader*
JavaScript error: undefined, line 14: Error: An unexpected error occurred
JavaScript error: moz-extension://88c6d91c-b38b-46d4-8a2c-bcdece2a2cbf/lib/picture_in_picture_overrides.js, line 15: Error: Incorrect argument types for pictureInPictureParent.setOverrides.
JavaScript error: resource:///modules/sessionstore/SessionStore.jsm, line 1325: uncaught exception: 2147746065
1698043238052	Marionette	INFO	Listening on port 63588
1698043238425	Marionette	WARN	TLS certificate errors will be ignored for this session
1698043239958	Marionette	INFO	Stopped listening on port 63588
JavaScript error: resource://activity-stream/lib/ActivityStreamPrefs.jsm, line 23: NS_ERROR_ILLEGAL_VALUE: Component returned failure code: 0x80070057 (NS_ERROR_ILLEGAL_VALUE) [nsIPrefBranch.removeObserver]
[Parent 10060, Gecko_IOThread] WARNING: pipe error: 109: file z:/task_1597676902/build/src/ipc/chromium/src/chrome/common/ipc_channel_win.cc, line 348
[Child 5800, Chrome_ChildThread] WARNING: pipe error: 109: file z:/task_1597676902/build/src/ipc/chromium/src/chrome/common/ipc_channel_win.cc, line 348
[Child 5800, Chrome_ChildThread] WARNING: pipe error: 109: file z:/task_1597676902/build/src/ipc/chromium/src/chrome/common/ipc_channel_win.cc, line 348
[Parent 10060, Gecko_IOThread] WARNING: pipe error: 109: file z:/task_1597676902/build/src/ipc/chromium/src/chrome/common/ipc_channel_win.cc, line 348
